<?xml version="1.0" encoding="UTF-8"?>
<!-- Generated by org.testng.reporters.JUnitReportReporter -->
<testsuite hostname="TYSS-4F-053" failures="0" tests="1" name="com.tyss.eventreport.CapturingScreenshot" time="25.064" errors="0" timestamp="29 Jun 2018 11:57:03 GMT">
  <testcase classname="com.tyss.eventreport.CapturingScreenshot" name="captureScreenshot" time="25.064"/>
</testsuite> <!-- com.tyss.eventreport.CapturingScreenshot -->
