<?xml version="1.0" encoding="UTF-8"?>
<!-- Generated by org.testng.reporters.JUnitReportReporter -->
<testsuite hostname="TYSS-4F-053" failures="0" tests="1" name="com.tyss.eventreport.CssSelectorExample" time="24.927" errors="0" timestamp="29 Jun 2018 04:58:28 GMT">
  <testcase classname="com.tyss.eventreport.CssSelectorExample" name="test" time="24.927"/>
</testsuite> <!-- com.tyss.eventreport.CssSelectorExample -->
