<?xml version="1.0" encoding="UTF-8"?>
<!-- Generated by org.testng.reporters.JUnitReportReporter -->
<testsuite hostname="TYSS-4F-053" failures="0" tests="1" name="com.tyss.eventreport.Upload" time="10.519" errors="0" timestamp="29 Jun 2018 06:00:57 GMT">
  <testcase classname="com.tyss.eventreport.Upload" name="test" time="10.519"/>
</testsuite> <!-- com.tyss.eventreport.Upload -->
