<?xml version="1.0" encoding="UTF-8"?>
<!-- Generated by org.testng.reporters.JUnitReportReporter -->
<testsuite hostname="TYSS-4F-053" failures="0" tests="1" name="com.tyss.eventreport.BrokenLink" time="6.353" errors="0" timestamp="3 Jul 2018 10:40:15 GMT">
  <testcase classname="com.tyss.eventreport.BrokenLink" name="test" time="6.353"/>
</testsuite> <!-- com.tyss.eventreport.BrokenLink -->
